WdgMtb: ACCESS Conic@ROUND is AVAILABLE (CB)
WdgMtb: ACCESS Conic@ROUND is AVAILABLE (CB)
WdgMtb: ACCESS Conic@ROUND is AVAILABLE (CB)
WdgMtb: ACCESS Conic@ROUND is AVAILABLE (CB)
WdgMtb: ACCESS roundflip@ROUND is unavailable (CB)
WdgMtb: ACCESS AddRadius@Dr0@ROUND is AVAILABLE (CB)
WdgMtb: ACCESS DelRadius@Dr0@ROUND is invisible (UI)
WdgMtb: ACCESS Conic@ROUND is AVAILABLE (CB)
WdgMtb: ACCESS roundflip@ROUND is unavailable (CB)
WdgMtb: ACCESS AddRadius@Dr0@ROUND is AVAILABLE (CB)
WdgMtb: ACCESS DelRadius@Dr0@ROUND is invisible (UI)
WdgMtb: ACCESS Conic@ROUND is AVAILABLE (CB)
WdgMtb: ACCESS roundflip@ROUND is unavailable (CB)
WdgMtb: ACCESS AddRadius@Dr0@ROUND is AVAILABLE (CB)
WdgMtb: ACCESS DelRadius@Dr0@ROUND is invisible (UI)
WdgMtb: ACCESS ModeSwitch@ROUND is AVAILABLE (CB)
WdgMtb: ACCESS ThruCurve@ROUND is AVAILABLE (CB)
WdgMtb: ACCESS AutoCont@ROUND is AVAILABLE (CB)
WdgMtb: ACCESS Chordal@ROUND is AVAILABLE (CB)
WdgMtb: ACCESS Full@ROUND is unavailable (CB)
WdgMtb: ACCESS AddSet@SetPopupMenu@ROUND is AVAILABLE (CB)
WdgMtb: ACCESS DeleteSet@SetPopupMenu@ROUND is AVAILABLE (CB)
WdgMtb: ACCESS MakeVariable@SetPopupMenu@ROUND is AVAILABLE (CB)
WdgMtb: ACCESS MakeConstant@SetPopupMenu@ROUND is invisible (UI)
WdgMtb: ACCESS ModeSwitch@ROUND is AVAILABLE (CB)
WdgMtb: ACCESS ThruCurve@ROUND is AVAILABLE (CB)
WdgMtb: ACCESS AutoCont@ROUND is AVAILABLE (CB)
WdgMtb: ACCESS Chordal@ROUND is AVAILABLE (CB)
WdgMtb: ACCESS Full@ROUND is unavailable (CB)
WdgMtb: ACCESS AddSet@SetPopupMenu@ROUND is AVAILABLE (CB)
WdgMtb: ACCESS DeleteSet@SetPopupMenu@ROUND is AVAILABLE (CB)
WdgMtb: ACCESS MakeVariable@SetPopupMenu@ROUND is AVAILABLE (CB)
WdgMtb: ACCESS MakeConstant@SetPopupMenu@ROUND is invisible (UI)
WdgMtb: ACCESS ModeSwitch@ROUND is AVAILABLE (CB)
WdgMtb: ACCESS ThruCurve@ROUND is AVAILABLE (CB)
WdgMtb: ACCESS AutoCont@ROUND is AVAILABLE (CB)
WdgMtb: ACCESS Chordal@ROUND is AVAILABLE (CB)
WdgMtb: ACCESS Full@ROUND is unavailable (CB)
WdgMtb: ACCESS AddSet@SetPopupMenu@ROUND is AVAILABLE (CB)
WdgMtb: ACCESS DeleteSet@SetPopupMenu@ROUND is AVAILABLE (CB)
WdgMtb: ACCESS MakeVariable@SetPopupMenu@ROUND is AVAILABLE (CB)
WdgMtb: ACCESS MakeConstant@SetPopupMenu@ROUND is invisible (UI)
dbg_err_crash() -- continuing from serious error (ORDER_DEBUG).
